2024-12-12 15:41:37,186 - INFO: Nuova finestra aperta: 'DesktopWindowXamlSource'
2024-12-12 15:41:42,415 - INFO: Nuova finestra aperta: 'OLEChannelWnd'
2024-12-12 15:41:42,477 - INFO: Nuova finestra aperta: '<Message Box>'
2024-12-12 15:41:42,477 - INFO: Nuova finestra aperta: 'OK'
2024-12-12 15:41:42,478 - INFO: Nuova finestra aperta: 'Cancel'
2024-12-12 15:41:42,507 - INFO: Nuova finestra aperta: 'Do you want to close current workspace?'
2024-12-12 15:42:02,325 - INFO: Nuova finestra aperta: 'OLEChannelWnd'
2024-12-12 15:42:08,971 - INFO: Nuova finestra aperta: '<Message Box>'
2024-12-12 15:42:08,973 - INFO: Nuova finestra aperta: 'OK'
2024-12-12 15:42:08,973 - INFO: Nuova finestra aperta: 'Cancel'
2024-12-12 15:42:09,002 - INFO: Nuova finestra aperta: 'Do you want to close current workspace?'
2024-12-12 15:42:11,674 - INFO: Nuova finestra aperta: '<Message Box>'
2024-12-12 15:42:11,677 - INFO: Nuova finestra aperta: '&Yes'
2024-12-12 15:42:11,678 - INFO: Nuova finestra aperta: '&No'
2024-12-12 15:42:11,678 - INFO: Nuova finestra aperta: 'Cancel'
2024-12-12 15:42:11,680 - INFO: Nuova finestra aperta: 'Auto save workspace on close'
2024-12-12 15:42:11,708 - INFO: Nuova finestra aperta: 'Do you want to save current workspace?'
2024-12-12 15:42:38,442 - INFO: Nuova finestra aperta: 'OLEChannelWnd'
2024-12-12 15:42:39,485 - INFO: Nuova finestra aperta: 'PopupHost'
2024-12-12 15:42:40,586 - INFO: Nuova finestra aperta: 'PopupHost'
2024-12-12 15:42:43,854 - INFO: Nuova finestra aperta: 'Default IME'
2024-12-12 15:42:43,855 - INFO: Nuova finestra aperta: '.NET-BroadcastEventWindow.4.0.0.0.b7ab7b.0'
2024-12-12 15:42:43,881 - INFO: Nuova finestra aperta: 'Default IME'
2024-12-12 15:42:43,882 - INFO: Nuova finestra aperta: 'GDI+ Window (BackgroundDownload.exe)'
2024-12-12 15:43:06,573 - INFO: Nuova finestra aperta: 'OLEChannelWnd'
2024-12-12 15:43:19,150 - INFO: Nuova finestra aperta: 'OLEChannelWnd'
2024-12-12 15:43:19,178 - INFO: Nuova finestra aperta: 'OLEChannelWnd'
2024-12-12 15:43:55,498 - INFO: Nuova finestra aperta: 'OLEChannelWnd'
2024-12-12 15:43:57,012 - INFO: Nuova finestra aperta: 'OLEChannelWnd'
2024-12-12 15:44:01,245 - INFO: Nuova finestra aperta: 'OLEChannelWnd'
2024-12-12 15:44:01,409 - INFO: Nuova finestra aperta: 'OleMainThreadWndName'
2024-12-12 15:44:02,056 - INFO: Nuova finestra aperta: 'Default IME'
2024-12-12 15:44:02,257 - INFO: Nuova finestra aperta: 'OleMainThreadWndName'
2024-12-12 15:44:03,775 - INFO: Nuova finestra aperta: 'OLEChannelWnd'
2024-12-12 15:44:03,994 - INFO: Nuova finestra aperta: 'Open'
2024-12-12 15:44:04,000 - INFO: Nuova finestra aperta: 'Options'
2024-12-12 15:44:04,000 - INFO: Nuova finestra aperta: 'Details'
2024-12-12 15:44:04,000 - INFO: Nuova finestra aperta: 'Import From'
2024-12-12 15:44:04,016 - INFO: Nuova finestra aperta: 'Based on'
2024-12-12 15:44:04,074 - INFO: Nuova finestra aperta: 'OLEChannelWnd'
2024-12-12 15:44:04,180 - INFO: Nuova finestra aperta: 'OLEChannelWnd'
2024-12-12 15:44:04,214 - INFO: Nuova finestra aperta: 'OLEChannelWnd'
2024-12-12 15:44:04,324 - INFO: Nuova finestra aperta: 'OLEChannelWnd'
2024-12-12 15:44:04,368 - INFO: Nuova finestra aperta: 'OLEChannelWnd'
2024-12-12 15:44:04,368 - INFO: Nuova finestra aperta: 'OLEChannelWnd'
2024-12-12 15:44:04,483 - INFO: Nuova finestra aperta: 'OLEChannelWnd'
2024-12-12 15:44:04,495 - INFO: Nuova finestra aperta: 'Internet Explorer'
2024-12-12 15:44:04,506 - INFO: Nuova finestra aperta: 'Internet Explorer'
2024-12-12 15:44:04,599 - INFO: Nuova finestra aperta: 'OLEChannelWnd'
2024-12-12 15:44:04,600 - INFO: Nuova finestra aperta: 'OLEChannelWnd'
2024-12-12 15:44:04,621 - INFO: Nuova finestra aperta: 'OLEChannelWnd'
2024-12-12 15:44:04,789 - INFO: Nuova finestra aperta: 'CicMarshalWnd'
2024-12-12 15:44:04,819 - INFO: Nuova finestra aperta: 'MSCTFIME UI'
2024-12-12 15:44:04,867 - INFO: Nuova finestra aperta: 'OLEChannelWnd'
2024-12-12 15:44:05,127 - INFO: Nuova finestra aperta: 'OLEChannelWnd'
2024-12-12 15:44:05,418 - INFO: Nuova finestra aperta: 'OLEChannelWnd'
2024-12-12 15:44:05,423 - INFO: Nuova finestra aperta: 'OLEChannelWnd'
2024-12-12 15:44:05,447 - INFO: Nuova finestra aperta: 'OLEChannelWnd'
2024-12-12 15:44:08,146 - INFO: Nuova finestra aperta: 'GDI+ Window (Coherence.exe)'
2024-12-12 15:44:08,454 - INFO: Nuova finestra aperta: 'Menu Bar'
2024-12-12 15:44:08,586 - INFO: Nuova finestra aperta: 'Coherence'
2024-12-12 15:44:08,817 - INFO: Nuova finestra aperta: 'Caption Bar'
2024-12-12 15:44:08,866 - INFO: Nuova finestra aperta: 'Coherence [DEBUG] - 127_28000_REM'
2024-12-12 15:44:10,767 - INFO: Nuova finestra aperta: 'Market'
2024-12-12 15:44:10,768 - INFO: Nuova finestra aperta: 'Section'
2024-12-12 15:44:10,768 - INFO: Nuova finestra aperta: 'Security Reference'
2024-12-12 15:44:10,860 - INFO: Nuova finestra aperta: 'Reference:'
2024-12-12 15:44:10,862 - INFO: Nuova finestra aperta: 'Search'
2024-12-12 15:44:10,862 - INFO: Nuova finestra aperta: 'Options'
2024-12-12 15:44:10,864 - INFO: Nuova finestra aperta: 'V'
2024-12-12 15:44:10,886 - INFO: Nuova finestra aperta: 'Filter:'
2024-12-12 15:44:10,959 - INFO: Nuova finestra aperta: 'Filter'
2024-12-12 15:44:10,960 - INFO: Nuova finestra aperta: 'Market'
2024-12-12 15:44:10,960 - INFO: Nuova finestra aperta: 'Type'
2024-12-12 15:44:11,011 - INFO: Nuova finestra aperta: 'Market'
2024-12-12 15:44:11,012 - INFO: Nuova finestra aperta: 'Section'
2024-12-12 15:44:11,012 - INFO: Nuova finestra aperta: 'Security Reference'
2024-12-12 15:44:11,112 - INFO: Nuova finestra aperta: 'DDE Server Window'
2024-12-12 15:44:11,348 - INFO: Nuova finestra aperta: 'Connections'
2024-12-12 15:44:11,351 - INFO: Nuova finestra aperta: 'Retry'
2024-12-12 15:44:16,644 - INFO: Nuova finestra aperta: 'FTMonitor
There is a new platform error message'
2024-12-12 15:44:16,645 - INFO: Nuova finestra aperta: 'Click here to open'
2024-12-12 15:44:16,645 - INFO: Nuova finestra aperta: 'Close'
2024-12-12 15:44:23,663 - INFO: Nuova finestra aperta: 'OleMainThreadWndName'
2024-12-12 15:44:23,704 - INFO: Nuova finestra aperta: 'OLEChannelWnd'
2024-12-12 15:44:23,944 - INFO: Nuova finestra aperta: 'OleMainThreadWndName'
2024-12-12 15:44:24,649 - INFO: Nuova finestra aperta: 'OleMainThreadWndName'
2024-12-12 15:44:24,766 - INFO: Nuova finestra aperta: 'OleMainThreadWndName'
2024-12-12 15:44:24,774 - INFO: Nuova finestra aperta: 'OleMainThreadWndName'
2024-12-12 15:44:24,847 - INFO: Nuova finestra aperta: 'OLEChannelWnd'
2024-12-12 15:44:24,947 - INFO: Nuova finestra aperta: 'OLEChannelWnd'
2024-12-12 15:44:25,344 - INFO: Nuova finestra aperta: '<Message Box>'
2024-12-12 15:44:25,345 - INFO: Nuova finestra aperta: 'OK'
2024-12-12 15:44:25,346 - INFO: Nuova finestra aperta: 'Cancel'
2024-12-12 15:44:25,371 - INFO: Nuova finestra aperta: 'Do you want to close current workspace?'
2024-12-12 15:44:29,574 - INFO: Nuova finestra aperta: 'OLEChannelWnd'
2024-12-12 15:44:29,584 - INFO: Nuova finestra aperta: 'OLEChannelWnd'
2024-12-12 15:44:29,592 - INFO: Nuova finestra aperta: 'OLEChannelWnd'
2024-12-12 15:44:36,496 - INFO: Nuova finestra aperta: '<Message Box>'
2024-12-12 15:44:36,498 - INFO: Nuova finestra aperta: '&Yes'
2024-12-12 15:44:36,499 - INFO: Nuova finestra aperta: '&No'
2024-12-12 15:44:36,500 - INFO: Nuova finestra aperta: 'Cancel'
2024-12-12 15:44:36,502 - INFO: Nuova finestra aperta: 'Auto save workspace on close'
2024-12-12 15:44:36,530 - INFO: Nuova finestra aperta: 'Do you want to save current workspace?'
2024-12-12 15:44:37,548 - INFO: Nuova finestra aperta: 'OLEChannelWnd'
2024-12-12 15:44:38,276 - INFO: Nuova finestra aperta: 'OLEChannelWnd'
2024-12-12 15:44:39,166 - INFO: Nuova finestra aperta: 'Default IME'
2024-12-12 15:44:39,173 - INFO: Nuova finestra aperta: 'OLEChannelWnd'
2024-12-12 15:44:39,520 - INFO: Nuova finestra aperta: 'OleMainThreadWndName'
2024-12-12 15:44:39,635 - INFO: Nuova finestra aperta: 'Default IME'
2024-12-12 15:44:39,636 - INFO: Nuova finestra aperta: 'DesktopWindowXamlSource'
2024-12-12 15:44:39,672 - INFO: Nuova finestra aperta: 'XCP'
2024-12-12 15:44:40,293 - INFO: Nuova finestra aperta: 'Snipping Tool'
2024-12-12 15:44:40,299 - INFO: Nuova finestra aperta: 'DesktopWindowXamlSource'
2024-12-12 15:44:40,315 - INFO: Nuova finestra aperta: 'CicMarshalWnd'
2024-12-12 15:44:40,332 - INFO: Nuova finestra aperta: 'MSCTFIME UI'
2024-12-12 15:44:40,620 - INFO: Nuova finestra aperta: 'OLEChannelWnd'
2024-12-12 15:44:41,256 - INFO: Nuova finestra aperta: 'OLEChannelWnd'
2024-12-12 15:44:42,189 - INFO: Nuova finestra aperta: 'Default IME'
2024-12-12 15:44:42,192 - INFO: Nuova finestra aperta: 'Snipping Tool Overlay'
2024-12-12 15:44:42,313 - INFO: Nuova finestra aperta: 'OleMainThreadWndName'
2024-12-12 15:44:42,316 - INFO: Nuova finestra aperta: 'Default IME'
2024-12-12 15:44:42,546 - INFO: Nuova finestra aperta: 'Snipping Tool Overlay'
2024-12-12 15:44:42,547 - INFO: Nuova finestra aperta: 'DesktopWindowXamlSource'
2024-12-12 15:44:42,570 - INFO: Nuova finestra aperta: 'Snipping Tool Overlay'
2024-12-12 15:44:42,571 - INFO: Nuova finestra aperta: 'DesktopWindowXamlSource'
2024-12-12 15:44:42,593 - INFO: Nuova finestra aperta: 'MSCTFIME UI'
2024-12-12 15:44:42,605 - INFO: Nuova finestra aperta: 'OLEChannelWnd'
2024-12-12 15:44:42,723 - INFO: Nuova finestra aperta: 'OLEChannelWnd'
2024-12-12 15:44:42,767 - INFO: Nuova finestra aperta: 'OLEChannelWnd'
2024-12-12 15:44:43,465 - INFO: Nuova finestra aperta: 'OLEChannelWnd'
2024-12-12 15:44:45,866 - INFO: Nuova finestra aperta: 'OLEChannelWnd'
2024-12-12 15:44:45,899 - INFO: Nuova finestra aperta: 'OLEChannelWnd'
2024-12-12 15:44:45,954 - INFO: Nuova finestra aperta: 'OLEChannelWnd'
2024-12-12 15:44:46,359 - INFO: Nuova finestra aperta: 'Default IME'
2024-12-12 15:44:46,361 - INFO: Nuova finestra aperta: 'Snipping Tool'
2024-12-12 15:44:46,366 - INFO: Nuova finestra aperta: 'DesktopWindowXamlSource'
2024-12-12 15:44:46,385 - INFO: Nuova finestra aperta: 'MSCTFIME UI'
2024-12-12 15:44:46,575 - INFO: Nuova finestra aperta: 'OLEChannelWnd'
2024-12-12 15:44:46,627 - INFO: Nuova finestra aperta: 'OLEChannelWnd'
2024-12-12 15:44:46,630 - INFO: Nuova finestra aperta: 'OLEChannelWnd'
2024-12-12 15:44:46,635 - INFO: Nuova finestra aperta: 'WndProcListner'
2024-12-12 15:44:46,644 - INFO: Nuova finestra aperta: 'OLEChannelWnd'
2024-12-12 15:44:46,650 - INFO: Nuova finestra aperta: 'OLEChannelWnd'
2024-12-12 15:44:46,674 - INFO: Nuova finestra aperta: 'OLEChannelWnd'
2024-12-12 15:44:46,676 - INFO: Nuova finestra aperta: 'OLEChannelWnd'
2024-12-12 15:44:46,676 - INFO: Nuova finestra aperta: 'WndProcListner'
2024-12-12 15:44:46,679 - INFO: Nuova finestra aperta: 'OLEChannelWnd'
2024-12-12 15:44:46,735 - INFO: Nuova finestra aperta: 'CoreInput'
2024-12-12 15:44:46,751 - INFO: Nuova finestra aperta: 'CoreInput'
2024-12-12 15:44:50,062 - INFO: Nuova finestra aperta: 'OLEChannelWnd'
2024-12-12 15:45:55,139 - INFO: Nuova finestra aperta: 'OLEChannelWnd'
2024-12-12 15:45:55,367 - INFO: Nuova finestra aperta: 'OLEChannelWnd'
2024-12-12 15:46:15,204 - INFO: Nuova finestra aperta: 'OLEChannelWnd'
2024-12-12 15:46:44,612 - INFO: Nuova finestra aperta: 'DesktopWindowXamlSource'
2024-12-12 15:46:53,335 - INFO: Nuova finestra aperta: 'OLEChannelWnd'
2024-12-12 15:47:12,992 - INFO: Nuova finestra aperta: 'Default IME'
2024-12-12 15:47:12,994 - INFO: Nuova finestra aperta: 'DesktopWindowXamlSource'
2024-12-12 15:47:13,054 - INFO: Nuova finestra aperta: 'XCP'
2024-12-12 15:47:13,517 - INFO: Nuova finestra aperta: 'Windows Terminal'
2024-12-12 15:47:13,520 - INFO: Nuova finestra aperta: 'Default IME'
2024-12-12 15:47:13,529 - INFO: Nuova finestra aperta: 'Windows Terminal'
2024-12-12 15:47:13,539 - INFO: Nuova finestra aperta: 'DesktopWindowXamlSource'
2024-12-12 15:47:13,545 - INFO: Nuova finestra aperta: 'OLEChannelWnd'
2024-12-12 15:47:13,550 - INFO: Nuova finestra aperta: 'XCP'
2024-12-12 15:47:13,587 - INFO: Nuova finestra aperta: 'DesktopWindowXamlSource'
2024-12-12 15:47:13,761 - INFO: Nuova finestra aperta: 'DDE Server Window'
2024-12-12 15:47:13,816 - INFO: Nuova finestra aperta: 'CicMarshalWnd'
2024-12-12 15:47:13,879 - INFO: Nuova finestra aperta: 'CicMarshalWnd'
2024-12-12 15:47:13,882 - INFO: Nuova finestra aperta: 'MSCTFIME UI'
2024-12-12 15:47:13,917 - INFO: Nuova finestra aperta: 'Default IME'
2024-12-12 15:47:13,965 - INFO: Nuova finestra aperta: 'OLEChannelWnd'
2024-12-12 15:47:16,663 - INFO: Nuova finestra aperta: 'PopupHost'
2024-12-12 15:47:17,043 - INFO: Nuova finestra aperta: 'OLEChannelWnd'
2024-12-12 15:47:21,038 - INFO: Nuova finestra aperta: '<Message Box>'
2024-12-12 15:47:21,039 - INFO: Nuova finestra aperta: 'OK'
2024-12-12 15:47:21,040 - INFO: Nuova finestra aperta: 'Cancel'
2024-12-12 15:47:21,067 - INFO: Nuova finestra aperta: 'Do you want to close current workspace?'
2024-12-12 15:47:39,462 - INFO: Nuova finestra aperta: 'OleMainThreadWndName'
2024-12-12 15:47:46,805 - INFO: Nuova finestra aperta: 'Setup'
2024-12-12 15:48:23,156 - INFO: Nuova finestra principale aperta: 'OLEChannelWnd'
2024-12-12 15:48:23,247 - INFO: Nuova finestra principale aperta: '<Message Box>'
2024-12-12 15:48:23,248 - INFO: Nuova finestra principale aperta: 'OK'
2024-12-12 15:48:23,249 - INFO: Nuova finestra principale aperta: 'Cancel'
2024-12-12 15:48:23,278 - INFO: Nuova finestra principale aperta: 'Do you want to close current workspace?'
2024-12-12 15:49:01,666 - INFO: Nuova finestra principale aperta: 'OLEChannelWnd'
2024-12-12 15:49:01,895 - INFO: Nuova finestra principale aperta: 'OLEChannelWnd'
2024-12-12 15:49:01,896 - INFO: Nuova finestra principale aperta: 'OLEChannelWnd'
2024-12-12 15:49:01,906 - INFO: Nuova finestra principale aperta: 'OLEChannelWnd'
2024-12-12 15:49:01,908 - INFO: Nuova finestra principale aperta: 'OLEChannelWnd'
2024-12-12 15:49:02,203 - INFO: Nuova finestra principale aperta: 'OLEChannelWnd'
2024-12-12 15:49:12,628 - INFO: Nuova finestra principale aperta: 'OLEChannelWnd'
2024-12-12 15:50:15,847 - INFO: Nuova finestra principale aperta: 'OLEChannelWnd'
2024-12-12 15:51:06,943 - INFO: Popup Coherence rilevato: 'Do you want to close current workspace?'
2024-12-12 15:53:10,785 - INFO: Popup Coherence rilevato: 'Do you want to close current workspace?'
2024-12-12 16:02:29,211 - INFO: Popup Coherence rilevato: 'OK'
2024-12-12 16:02:29,212 - INFO: Popup Coherence rilevato: 'Cancel'
2024-12-12 16:02:29,241 - INFO: Popup Coherence rilevato: 'Do you want to close current workspace?'
2024-12-12 16:02:29,243 - INFO: Popup Coherence rilevato: ''
2024-12-12 16:07:39,440 - INFO: Popup Coherence rilevato: 'Do you want to close current workspace?'
2024-12-12 16:07:39,442 - INFO: Pulsante OK premuto automaticamente
2024-12-12 16:07:44,387 - INFO: Popup Coherence rilevato: 'Do you want to close current workspace?'
2024-12-12 16:07:44,387 - INFO: Pulsante OK premuto automaticamente
